<?xml version="1.0" encoding="UTF-8"?>
<!-- Generated by org.testng.reporters.JUnitReportReporter -->
<testsuite skipped="0" hostname="DESKTOP-L2LRAM9" name="com.revature.test.testBatchDaoHibernate" tests="2" failures="0" timestamp="06 Nov 2017 20:56:38 GMT" time="5.050" errors="0">
  <testcase name="testGetBatch" time="4.675" classname="com.revature.test.testBatchDaoHibernate"/>
  <testcase name="testgetBatchDetails" time="0.375" classname="com.revature.test.testBatchDaoHibernate"/>
</testsuite> <!-- com.revature.test.testBatchDaoHibernate -->
