<?xml version="1.0" encoding="UTF-8"?>
<!-- Generated by org.testng.reporters.JUnitReportReporter -->
<testsuite skipped="0" hostname="DESKTOP-L2LRAM9" name="com.revature.test.testBatchDaoHibernate" tests="2" failures="0" timestamp="07 Nov 2017 18:27:31 GMT" time="4.175" errors="0">
  <testcase name="testGetAssociate" time="4.057" classname="com.revature.test.testBatchDaoHibernate"/>
  <testcase name="testGetBatch" time="0.118" classname="com.revature.test.testBatchDaoHibernate"/>
</testsuite> <!-- com.revature.test.testBatchDaoHibernate -->
