<?xml version="1.0" encoding="UTF-8"?>
<!-- Generated by org.testng.reporters.JUnitReportReporter -->
<testsuite skipped="0" hostname="kayci-laptop" name="com.revature.test.testBatchDaoHibernate" tests="2" failures="0" timestamp="06 Nov 2017 04:29:12 GMT" time="4.357" errors="0">
  <testcase name="testGetBatch" time="3.792" classname="com.revature.test.testBatchDaoHibernate"/>
  <testcase name="testgetBatchDetails" time="0.565" classname="com.revature.test.testBatchDaoHibernate"/>
</testsuite> <!-- com.revature.test.testBatchDaoHibernate -->
