<?xml version="1.0" encoding="UTF-8"?>
<!-- Generated by org.testng.reporters.JUnitReportReporter -->
<testsuite skipped="0" hostname="kayci-laptop" name="com.revature.test.testBatchesService" tests="2" failures="0" timestamp="06 Nov 2017 04:34:21 GMT" time="4.291" errors="0">
  <testcase name="testGetBatches" time="0.294" classname="com.revature.test.testBatchesService"/>
  <testcase name="testGetBatchInfo" time="3.997" classname="com.revature.test.testBatchesService"/>
</testsuite> <!-- com.revature.test.testBatchesService -->
